{"level":"info","message":"Server started on port 3000","service":"acquisition-api","timestamp":"2025-12-18T04:34:09.680Z"}
{"level":"info","message":"Server started on port 3000","service":"acquisition-api","timestamp":"2025-12-18T04:34:30.244Z"}
{"level":"info","message":"Server started on port 3000","service":"acquisition-api","timestamp":"2025-12-18T04:34:48.119Z"}
{"level":"info","message":"Server is running on http://localhost:3000","service":"acquisition-api","timestamp":"2025-12-18T04:35:03.660Z"}
{"level":"info","message":"Server is running on http://localhost:3000","service":"acquisition-api","timestamp":"2025-12-18T04:35:09.155Z"}
{"level":"info","message":"Server is running on http://localhost:3000","service":"acquisition-api","timestamp":"2025-12-18T04:35:58.724Z"}
{"level":"error","message":"Server is running on http://localhost:3000","service":"acquisition-api","timestamp":"2025-12-18T04:36:02.677Z"}
{"level":"info","message":"Server is running on http://localhost:3000","service":"acquisition-api","timestamp":"2025-12-18T04:36:08.484Z"}
{"level":"info","message":"hello from acquisition-api","service":"acquisition-api","timestamp":"2025-12-18T04:45:59.006Z"}
{"level":"info","message":"::1 - - [18/Dec/2025:04:45:59 +0000] \"GET / HTTP/1.1\" 200 13 \"-\" \"Mozilla/5.0 (X11; Linux x86_64) AppleWebKit/537.36 (KHTML, like Gecko) Chrome/143.0.0.0 Safari/537.36\"","service":"acquisition-api","timestamp":"2025-12-18T04:45:59.013Z"}
{"level":"info","message":"::1 - - [18/Dec/2025:04:45:59 +0000] \"GET /favicon.ico HTTP/1.1\" 404 150 \"-\" \"Mozilla/5.0 (X11; Linux x86_64) AppleWebKit/537.36 (KHTML, like Gecko) Chrome/143.0.0.0 Safari/537.36\"","service":"acquisition-api","timestamp":"2025-12-18T04:45:59.183Z"}
{"level":"info","message":"hello from acquisition-api","service":"acquisition-api","timestamp":"2025-12-18T04:47:35.362Z"}
{"level":"info","message":"::1 - - [18/Dec/2025:04:47:35 +0000] \"GET / HTTP/1.1\" 304 - \"-\" \"Mozilla/5.0 (X11; Linux x86_64) AppleWebKit/537.36 (KHTML, like Gecko) Chrome/143.0.0.0 Safari/537.36\"","service":"acquisition-api","timestamp":"2025-12-18T04:47:35.364Z"}
{"level":"info","message":"hello from acquisition-api","service":"acquisition-api","timestamp":"2025-12-18T06:55:27.373Z"}
{"level":"info","message":"::1 - - [18/Dec/2025:06:55:27 +0000] \"GET / HTTP/1.1\" 304 - \"-\" \"Mozilla/5.0 (X11; Linux x86_64) AppleWebKit/537.36 (KHTML, like Gecko) Chrome/143.0.0.0 Safari/537.36\"","service":"acquisition-api","timestamp":"2025-12-18T06:55:27.397Z"}
{"level":"info","message":"::1 - - [18/Dec/2025:06:56:43 +0000] \"GET /health HTTP/1.1\" 200 76 \"-\" \"Mozilla/5.0 (X11; Linux x86_64) AppleWebKit/537.36 (KHTML, like Gecko) Chrome/143.0.0.0 Safari/537.36\"","service":"acquisition-api","timestamp":"2025-12-18T06:56:43.129Z"}
{"level":"info","message":"hello from acquisition-api","service":"acquisition-api","timestamp":"2025-12-18T06:56:51.170Z"}
{"level":"info","message":"::1 - - [18/Dec/2025:06:56:51 +0000] \"GET / HTTP/1.1\" 304 - \"-\" \"Mozilla/5.0 (X11; Linux x86_64) AppleWebKit/537.36 (KHTML, like Gecko) Chrome/143.0.0.0 Safari/537.36\"","service":"acquisition-api","timestamp":"2025-12-18T06:56:51.173Z"}
{"level":"info","message":"hello from acquisition-api","service":"acquisition-api","timestamp":"2025-12-18T06:57:14.471Z"}
{"level":"info","message":"::1 - - [18/Dec/2025:06:57:14 +0000] \"GET / HTTP/1.1\" 200 28 \"-\" \"Mozilla/5.0 (X11; Linux x86_64) AppleWebKit/537.36 (KHTML, like Gecko) Chrome/143.0.0.0 Safari/537.36\"","service":"acquisition-api","timestamp":"2025-12-18T06:57:14.484Z"}
{"level":"info","message":"::1 - - [18/Dec/2025:06:58:24 +0000] \"POST /sign-up HTTP/1.1\" 404 27 \"-\" \"PostmanRuntime/7.37.3\"","service":"acquisition-api","timestamp":"2025-12-18T06:58:24.423Z"}
{"level":"info","message":"::1 - - [18/Dec/2025:06:58:32 +0000] \"POST /api/sign-up HTTP/1.1\" 404 27 \"-\" \"PostmanRuntime/7.37.3\"","service":"acquisition-api","timestamp":"2025-12-18T06:58:32.613Z"}
{"level":"info","message":"::1 - - [18/Dec/2025:07:00:01 +0000] \"POST /api/auth/sign-up HTTP/1.1\" 200 16 \"-\" \"PostmanRuntime/7.37.3\"","service":"acquisition-api","timestamp":"2025-12-18T07:00:01.125Z"}
{"level":"info","message":"User created successfully: lokesh@gmail.com","service":"acquisition-api","timestamp":"2025-12-21T07:31:53.114Z"}
{"level":"info","message":"User signed up: lokesh@gmail.com","service":"acquisition-api","timestamp":"2025-12-21T07:31:53.123Z"}
{"level":"info","message":"::1 - - [21/Dec/2025:07:31:53 +0000] \"POST /api/auth/sign-up HTTP/1.1\" 201 112 \"-\" \"PostmanRuntime/7.37.3\"","service":"acquisition-api","timestamp":"2025-12-21T07:31:53.129Z"}
{"level":"info","message":"User created successfully: lokesh@gmail.com","service":"acquisition-api","timestamp":"2025-12-21T07:32:43.346Z"}
{"level":"info","message":"User signed up: lokesh@gmail.com","service":"acquisition-api","timestamp":"2025-12-21T07:32:43.349Z"}
{"level":"info","message":"::1 - - [21/Dec/2025:07:32:43 +0000] \"POST /api/auth/sign-up HTTP/1.1\" 201 113 \"-\" \"PostmanRuntime/7.37.3\"","service":"acquisition-api","timestamp":"2025-12-21T07:32:43.351Z"}
{"level":"info","message":"User authenticated successfully: lokesh@gmail.com","service":"acquisition-api","timestamp":"2025-12-21T07:33:40.434Z"}
{"level":"info","message":"User signed in: lokesh@gmail.com","service":"acquisition-api","timestamp":"2025-12-21T07:33:40.435Z"}
{"level":"info","message":"::1 - - [21/Dec/2025:07:33:40 +0000] \"POST /api/auth/sign-in HTTP/1.1\" 200 115 \"-\" \"PostmanRuntime/7.37.3\"","service":"acquisition-api","timestamp":"2025-12-21T07:33:40.436Z"}
{"level":"info","message":"User signed out","service":"acquisition-api","timestamp":"2025-12-21T07:34:28.658Z"}
{"level":"info","message":"::1 - - [21/Dec/2025:07:34:28 +0000] \"POST /api/auth/sign-out HTTP/1.1\" 200 42 \"-\" \"PostmanRuntime/7.37.3\"","service":"acquisition-api","timestamp":"2025-12-21T07:34:28.659Z"}
{"ip":"::1","level":"warn","message":"Bot request blocked","path":"/api/health","service":"acquisition-api","timestamp":"2025-12-21T13:04:41.748Z","userAgent":"PostmanRuntime/7.37.3"}
{"level":"info","message":"::1 - - [21/Dec/2025:13:04:41 +0000] \"GET /api/health HTTP/1.1\" 403 68 \"-\" \"PostmanRuntime/7.37.3\"","service":"acquisition-api","timestamp":"2025-12-21T13:04:41.755Z"}
{"ip":"::1","level":"warn","message":"Bot request blocked","path":"/health","service":"acquisition-api","timestamp":"2025-12-21T13:05:06.143Z","userAgent":"PostmanRuntime/7.37.3"}
{"level":"info","message":"::1 - - [21/Dec/2025:13:05:06 +0000] \"GET /health HTTP/1.1\" 403 68 \"-\" \"PostmanRuntime/7.37.3\"","service":"acquisition-api","timestamp":"2025-12-21T13:05:06.145Z"}
{"ip":"::1","level":"warn","message":"Bot request blocked","path":"/health","service":"acquisition-api","timestamp":"2025-12-21T13:05:36.001Z","userAgent":"PostmanRuntime/7.37.3"}
{"level":"info","message":"::1 - - [21/Dec/2025:13:05:36 +0000] \"GET /health HTTP/1.1\" 403 68 \"-\" \"PostmanRuntime/7.37.3\"","service":"acquisition-api","timestamp":"2025-12-21T13:05:36.009Z"}
{"ip":"::1","level":"warn","message":"Bot request blocked","path":"/health","service":"acquisition-api","timestamp":"2025-12-21T13:05:37.521Z","userAgent":"PostmanRuntime/7.37.3"}
{"level":"info","message":"::1 - - [21/Dec/2025:13:05:37 +0000] \"GET /health HTTP/1.1\" 403 68 \"-\" \"PostmanRuntime/7.37.3\"","service":"acquisition-api","timestamp":"2025-12-21T13:05:37.522Z"}
{"ip":"::1","level":"warn","message":"Bot request blocked","path":"/health","service":"acquisition-api","timestamp":"2025-12-21T13:06:20.682Z","userAgent":"PostmanRuntime/7.37.3"}
{"level":"info","message":"::1 - - [21/Dec/2025:13:06:20 +0000] \"GET /health HTTP/1.1\" 403 68 \"-\" \"PostmanRuntime/7.37.3\"","service":"acquisition-api","timestamp":"2025-12-21T13:06:20.683Z"}
{"ip":"::1","level":"warn","message":"Bot request blocked","path":"/health","service":"acquisition-api","timestamp":"2025-12-21T13:06:21.112Z","userAgent":"PostmanRuntime/7.37.3"}
{"level":"info","message":"::1 - - [21/Dec/2025:13:06:21 +0000] \"GET /health HTTP/1.1\" 403 68 \"-\" \"PostmanRuntime/7.37.3\"","service":"acquisition-api","timestamp":"2025-12-21T13:06:21.114Z"}
{"ip":"::1","level":"warn","message":"Bot request blocked","path":"/health","service":"acquisition-api","timestamp":"2025-12-21T13:06:21.673Z","userAgent":"PostmanRuntime/7.37.3"}
{"level":"info","message":"::1 - - [21/Dec/2025:13:06:21 +0000] \"GET /health HTTP/1.1\" 403 68 \"-\" \"PostmanRuntime/7.37.3\"","service":"acquisition-api","timestamp":"2025-12-21T13:06:21.674Z"}
{"ip":"::1","level":"warn","message":"Bot request blocked","path":"/health","service":"acquisition-api","timestamp":"2025-12-21T13:06:22.143Z","userAgent":"PostmanRuntime/7.37.3"}
{"level":"info","message":"::1 - - [21/Dec/2025:13:06:22 +0000] \"GET /health HTTP/1.1\" 403 68 \"-\" \"PostmanRuntime/7.37.3\"","service":"acquisition-api","timestamp":"2025-12-21T13:06:22.144Z"}
{"ip":"::1","level":"warn","message":"Bot request blocked","path":"/health","service":"acquisition-api","timestamp":"2025-12-21T13:06:22.566Z","userAgent":"PostmanRuntime/7.37.3"}
{"level":"info","message":"::1 - - [21/Dec/2025:13:06:22 +0000] \"GET /health HTTP/1.1\" 403 68 \"-\" \"PostmanRuntime/7.37.3\"","service":"acquisition-api","timestamp":"2025-12-21T13:06:22.568Z"}
{"ip":"::1","level":"warn","message":"Bot request blocked","path":"/health","service":"acquisition-api","timestamp":"2025-12-21T13:06:24.230Z","userAgent":"PostmanRuntime/7.37.3"}
{"level":"info","message":"::1 - - [21/Dec/2025:13:06:24 +0000] \"GET /health HTTP/1.1\" 403 68 \"-\" \"PostmanRuntime/7.37.3\"","service":"acquisition-api","timestamp":"2025-12-21T13:06:24.232Z"}
{"ip":"::1","level":"warn","message":"Bot request blocked","path":"/health","service":"acquisition-api","timestamp":"2025-12-21T13:06:25.730Z","userAgent":"PostmanRuntime/7.37.3"}
{"level":"info","message":"::1 - - [21/Dec/2025:13:06:25 +0000] \"GET /health HTTP/1.1\" 403 68 \"-\" \"PostmanRuntime/7.37.3\"","service":"acquisition-api","timestamp":"2025-12-21T13:06:25.732Z"}
{"ip":"::1","level":"warn","message":"Bot request blocked","path":"/health","service":"acquisition-api","timestamp":"2025-12-21T13:06:26.291Z","userAgent":"PostmanRuntime/7.37.3"}
{"level":"info","message":"::1 - - [21/Dec/2025:13:06:26 +0000] \"GET /health HTTP/1.1\" 403 68 \"-\" \"PostmanRuntime/7.37.3\"","service":"acquisition-api","timestamp":"2025-12-21T13:06:26.292Z"}
{"ip":"::1","level":"warn","message":"Bot request blocked","path":"/health","service":"acquisition-api","timestamp":"2025-12-21T13:06:27.151Z","userAgent":"PostmanRuntime/7.37.3"}
{"level":"info","message":"::1 - - [21/Dec/2025:13:06:27 +0000] \"GET /health HTTP/1.1\" 403 68 \"-\" \"PostmanRuntime/7.37.3\"","service":"acquisition-api","timestamp":"2025-12-21T13:06:27.152Z"}
{"ip":"::1","level":"warn","message":"Bot request blocked","path":"/api/auth/sign-in","service":"acquisition-api","timestamp":"2025-12-21T13:06:40.204Z","userAgent":"PostmanRuntime/7.37.3"}
{"level":"info","message":"::1 - - [21/Dec/2025:13:06:40 +0000] \"POST /api/auth/sign-in HTTP/1.1\" 403 68 \"-\" \"PostmanRuntime/7.37.3\"","service":"acquisition-api","timestamp":"2025-12-21T13:06:40.206Z"}
{"level":"info","message":"User authenticated successfully: lokesh@gmail.com","service":"acquisition-api","timestamp":"2025-12-21T13:19:37.143Z"}
{"level":"info","message":"User signed in: lokesh@gmail.com","service":"acquisition-api","timestamp":"2025-12-21T13:19:37.154Z"}
{"level":"info","message":"::1 - - [21/Dec/2025:13:19:37 +0000] \"POST /api/auth/sign-in HTTP/1.1\" 200 115 \"-\" \"PostmanRuntime/7.37.3\"","service":"acquisition-api","timestamp":"2025-12-21T13:19:37.162Z"}
{"level":"info","message":"::1 - - [21/Dec/2025:13:19:54 +0000] \"GET /health HTTP/1.1\" 200 76 \"-\" \"PostmanRuntime/7.37.3\"","service":"acquisition-api","timestamp":"2025-12-21T13:19:54.989Z"}
{"level":"info","message":"::1 - - [21/Dec/2025:13:19:57 +0000] \"GET /health HTTP/1.1\" 200 74 \"-\" \"PostmanRuntime/7.37.3\"","service":"acquisition-api","timestamp":"2025-12-21T13:19:57.093Z"}
{"level":"info","message":"::1 - - [21/Dec/2025:13:19:58 +0000] \"GET /health HTTP/1.1\" - - \"-\" \"PostmanRuntime/7.37.3\"","service":"acquisition-api","timestamp":"2025-12-21T13:19:58.347Z"}
{"level":"info","message":"::1 - - [21/Dec/2025:13:19:59 +0000] \"GET /health HTTP/1.1\" 200 76 \"-\" \"PostmanRuntime/7.37.3\"","service":"acquisition-api","timestamp":"2025-12-21T13:19:59.596Z"}
{"ip":"::1","level":"warn","message":"Rate limit exceeded","path":"/health","service":"acquisition-api","timestamp":"2025-12-21T13:20:00.924Z","userAgent":"PostmanRuntime/7.37.3"}
{"level":"info","message":"::1 - - [21/Dec/2025:13:20:00 +0000] \"GET /health HTTP/1.1\" 429 95 \"-\" \"PostmanRuntime/7.37.3\"","service":"acquisition-api","timestamp":"2025-12-21T13:20:00.927Z"}
{"ip":"::1","level":"warn","message":"Rate limit exceeded","path":"/health","service":"acquisition-api","timestamp":"2025-12-21T13:20:02.051Z","userAgent":"PostmanRuntime/7.37.3"}
{"level":"info","message":"::1 - - [21/Dec/2025:13:20:02 +0000] \"GET /health HTTP/1.1\" 429 95 \"-\" \"PostmanRuntime/7.37.3\"","service":"acquisition-api","timestamp":"2025-12-21T13:20:02.053Z"}
{"level":"info","message":"::1 - - [23/Dec/2025:04:15:56 +0000] \"GET /health HTTP/1.1\" 200 75 \"-\" \"-\"","service":"acquisition-api","timestamp":"2025-12-23T04:15:56.499Z"}
{"level":"info","message":"::1 - - [23/Dec/2025:04:16:26 +0000] \"GET /health HTTP/1.1\" 200 76 \"-\" \"-\"","service":"acquisition-api","timestamp":"2025-12-23T04:16:26.926Z"}
{"level":"info","message":"::1 - - [23/Dec/2025:04:16:57 +0000] \"GET /health HTTP/1.1\" 200 76 \"-\" \"-\"","service":"acquisition-api","timestamp":"2025-12-23T04:16:57.265Z"}
{"level":"info","message":"::ffff:172.18.0.1 - - [23/Dec/2025:04:17:18 +0000] \"GET /health HTTP/1.1\" 200 76 \"-\" \"PostmanRuntime/7.37.3\"","service":"acquisition-api","timestamp":"2025-12-23T04:17:18.408Z"}
{"level":"info","message":"::1 - - [23/Dec/2025:04:17:27 +0000] \"GET /health HTTP/1.1\" 200 76 \"-\" \"-\"","service":"acquisition-api","timestamp":"2025-12-23T04:17:27.661Z"}
{"level":"info","message":"::1 - - [23/Dec/2025:04:17:57 +0000] \"GET /health HTTP/1.1\" 200 77 \"-\" \"-\"","service":"acquisition-api","timestamp":"2025-12-23T04:17:57.951Z"}
{"level":"info","message":"User created successfully: lokeshdev@gmail.com","service":"acquisition-api","timestamp":"2025-12-23T04:18:11.188Z"}
{"level":"info","message":"User signed up: lokeshdev@gmail.com","service":"acquisition-api","timestamp":"2025-12-23T04:18:11.202Z"}
{"level":"info","message":"::ffff:172.18.0.1 - - [23/Dec/2025:04:18:11 +0000] \"POST /api/auth/sign-up HTTP/1.1\" 201 124 \"-\" \"PostmanRuntime/7.37.3\"","service":"acquisition-api","timestamp":"2025-12-23T04:18:11.206Z"}
{"level":"info","message":"::1 - - [23/Dec/2025:04:18:28 +0000] \"GET /health HTTP/1.1\" 200 77 \"-\" \"-\"","service":"acquisition-api","timestamp":"2025-12-23T04:18:28.369Z"}
{"level":"info","message":"::1 - - [23/Dec/2025:04:18:58 +0000] \"GET /health HTTP/1.1\" 200 77 \"-\" \"-\"","service":"acquisition-api","timestamp":"2025-12-23T04:18:58.695Z"}
{"level":"info","message":"::1 - - [23/Dec/2025:04:19:29 +0000] \"GET /health HTTP/1.1\" 200 76 \"-\" \"-\"","service":"acquisition-api","timestamp":"2025-12-23T04:19:29.025Z"}
{"level":"info","message":"::1 - - [23/Dec/2025:04:19:59 +0000] \"GET /health HTTP/1.1\" 200 77 \"-\" \"-\"","service":"acquisition-api","timestamp":"2025-12-23T04:19:59.365Z"}
{"level":"info","message":"::1 - - [23/Dec/2025:04:20:29 +0000] \"GET /health HTTP/1.1\" 200 77 \"-\" \"-\"","service":"acquisition-api","timestamp":"2025-12-23T04:20:29.681Z"}
{"level":"info","message":"::1 - - [23/Dec/2025:04:21:00 +0000] \"GET /health HTTP/1.1\" 200 77 \"-\" \"-\"","service":"acquisition-api","timestamp":"2025-12-23T04:21:00.001Z"}
{"level":"info","message":"::1 - - [23/Dec/2025:04:21:30 +0000] \"GET /health HTTP/1.1\" 200 72 \"-\" \"-\"","service":"acquisition-api","timestamp":"2025-12-23T04:21:30.312Z"}
{"level":"info","message":"::1 - - [23/Dec/2025:04:22:00 +0000] \"GET /health HTTP/1.1\" 200 77 \"-\" \"-\"","service":"acquisition-api","timestamp":"2025-12-23T04:22:00.646Z"}
{"level":"info","message":"::1 - - [23/Dec/2025:04:22:30 +0000] \"GET /health HTTP/1.1\" 200 77 \"-\" \"-\"","service":"acquisition-api","timestamp":"2025-12-23T04:22:30.984Z"}
{"level":"info","message":"::1 - - [23/Dec/2025:04:23:01 +0000] \"GET /health HTTP/1.1\" 200 77 \"-\" \"-\"","service":"acquisition-api","timestamp":"2025-12-23T04:23:01.286Z"}
{"level":"info","message":"::1 - - [23/Dec/2025:04:23:31 +0000] \"GET /health HTTP/1.1\" 200 77 \"-\" \"-\"","service":"acquisition-api","timestamp":"2025-12-23T04:23:31.644Z"}
{"level":"info","message":"::1 - - [23/Dec/2025:04:24:02 +0000] \"GET /health HTTP/1.1\" 200 77 \"-\" \"-\"","service":"acquisition-api","timestamp":"2025-12-23T04:24:02.020Z"}
